2025-04-21 10:00:07,455 - 已选择 10 个 PDF 文件
2025-04-21 10:00:07,456 - 选择文件: _基于学科竞赛的广告设计课程“协同创新”教学实践.pdf
2025-04-21 10:00:07,456 - 选择文件: _技术、观念、语言――艺术设计专业的摄影教学探索.pdf
2025-04-21 10:00:07,456 - 选择文件: _设计专业摄影课程的“协同创新”教学实践.pdf
2025-04-21 10:00:07,456 - 选择文件: _艺术设计专业主题式摄影教学模式初探（有作品）.pdf
2025-04-21 10:00:07,456 - 选择文件: 高校美育品牌构建与运作模式思考.pdf
2025-04-21 10:00:07,456 - 选择文件: 将外拍灯装在机顶.pdf
2025-04-21 10:00:07,456 - 选择文件: 明日风尚王荔.pdf
2025-04-21 10:00:07,456 - 选择文件: 权威期刊指南.pdf
2025-04-21 10:00:07,456 - 选择文件: 中国摄影.pdf
2025-04-21 10:00:07,456 - 选择文件: 中国艺术王荔.pdf
2025-04-21 10:01:17,518 - 已选择 10 个 PDF 文件
2025-04-21 10:01:17,518 - 选择文件: _基于学科竞赛的广告设计课程“协同创新”教学实践.pdf
2025-04-21 10:01:17,518 - 选择文件: _技术、观念、语言――艺术设计专业的摄影教学探索.pdf
2025-04-21 10:01:17,518 - 选择文件: _设计专业摄影课程的“协同创新”教学实践.pdf
2025-04-21 10:01:17,518 - 选择文件: _艺术设计专业主题式摄影教学模式初探（有作品）.pdf
2025-04-21 10:01:17,518 - 选择文件: 高校美育品牌构建与运作模式思考.pdf
2025-04-21 10:01:17,518 - 选择文件: 将外拍灯装在机顶.pdf
2025-04-21 10:01:17,518 - 选择文件: 明日风尚王荔.pdf
2025-04-21 10:01:17,518 - 选择文件: 权威期刊指南.pdf
2025-04-21 10:01:17,518 - 选择文件: 中国摄影.pdf
2025-04-21 10:01:17,518 - 选择文件: 中国艺术王荔.pdf
2025-04-21 10:01:43,143 - 已选择 10 个 PDF 文件
2025-04-21 10:01:43,143 - 选择文件: _基于学科竞赛的广告设计课程“协同创新”教学实践.pdf
2025-04-21 10:01:43,143 - 选择文件: _技术、观念、语言――艺术设计专业的摄影教学探索.pdf
2025-04-21 10:01:43,143 - 选择文件: _设计专业摄影课程的“协同创新”教学实践.pdf
2025-04-21 10:01:43,143 - 选择文件: _艺术设计专业主题式摄影教学模式初探（有作品）.pdf
2025-04-21 10:01:43,143 - 选择文件: 高校美育品牌构建与运作模式思考.pdf
2025-04-21 10:01:43,143 - 选择文件: 将外拍灯装在机顶.pdf
2025-04-21 10:01:43,143 - 选择文件: 明日风尚王荔.pdf
2025-04-21 10:01:43,143 - 选择文件: 权威期刊指南.pdf
2025-04-21 10:01:43,144 - 选择文件: 中国摄影.pdf
2025-04-21 10:01:43,144 - 选择文件: 中国艺术王荔.pdf
2025-04-21 10:02:27,143 - 已选择 10 个 PDF 文件
2025-04-21 10:02:27,143 - 选择文件: _基于学科竞赛的广告设计课程“协同创新”教学实践.pdf
2025-04-21 10:02:27,143 - 选择文件: _技术、观念、语言――艺术设计专业的摄影教学探索.pdf
2025-04-21 10:02:27,143 - 选择文件: _设计专业摄影课程的“协同创新”教学实践.pdf
2025-04-21 10:02:27,143 - 选择文件: _艺术设计专业主题式摄影教学模式初探（有作品）.pdf
2025-04-21 10:02:27,143 - 选择文件: 高校美育品牌构建与运作模式思考.pdf
2025-04-21 10:02:27,143 - 选择文件: 将外拍灯装在机顶.pdf
2025-04-21 10:02:27,143 - 选择文件: 明日风尚王荔.pdf
2025-04-21 10:02:27,143 - 选择文件: 权威期刊指南.pdf
2025-04-21 10:02:27,143 - 选择文件: 中国摄影.pdf
2025-04-21 10:02:27,143 - 选择文件: 中国艺术王荔.pdf
2025-04-21 10:14:34,154 - 已取消手动排序
2025-04-21 10:16:50,799 - 已选择 10 个 PDF 文件
2025-04-21 10:16:50,799 - 选择文件: _基于学科竞赛的广告设计课程“协同创新”教学实践.pdf
2025-04-21 10:16:50,799 - 选择文件: _技术、观念、语言――艺术设计专业的摄影教学探索.pdf
2025-04-21 10:16:50,799 - 选择文件: _设计专业摄影课程的“协同创新”教学实践.pdf
2025-04-21 10:16:50,799 - 选择文件: _艺术设计专业主题式摄影教学模式初探（有作品）.pdf
2025-04-21 10:16:50,799 - 选择文件: 高校美育品牌构建与运作模式思考.pdf
2025-04-21 10:16:50,799 - 选择文件: 将外拍灯装在机顶.pdf
2025-04-21 10:16:50,799 - 选择文件: 明日风尚王荔.pdf
2025-04-21 10:16:50,799 - 选择文件: 权威期刊指南.pdf
2025-04-21 10:16:50,799 - 选择文件: 中国摄影.pdf
2025-04-21 10:16:50,799 - 选择文件: 中国艺术王荔.pdf
2025-04-21 10:17:04,401 - 打开设置窗口
2025-04-21 10:17:38,393 - 打开设置窗口
2025-04-21 10:17:41,185 - 打开设置窗口
2025-04-21 10:17:51,048 - 已取消手动排序
2025-04-21 10:17:51,969 - 打开设置窗口
2025-04-21 10:23:30,033 - 已选择 10 个 PDF 文件
2025-04-21 10:23:30,033 - 选择文件: _基于学科竞赛的广告设计课程“协同创新”教学实践.pdf
2025-04-21 10:23:30,033 - 选择文件: _技术、观念、语言――艺术设计专业的摄影教学探索.pdf
2025-04-21 10:23:30,033 - 选择文件: _设计专业摄影课程的“协同创新”教学实践.pdf
2025-04-21 10:23:30,033 - 选择文件: _艺术设计专业主题式摄影教学模式初探（有作品）.pdf
2025-04-21 10:23:30,033 - 选择文件: 高校美育品牌构建与运作模式思考.pdf
2025-04-21 10:23:30,033 - 选择文件: 将外拍灯装在机顶.pdf
2025-04-21 10:23:30,034 - 选择文件: 明日风尚王荔.pdf
2025-04-21 10:23:30,034 - 选择文件: 权威期刊指南.pdf
2025-04-21 10:23:30,034 - 选择文件: 中国摄影.pdf
2025-04-21 10:23:30,034 - 选择文件: 中国艺术王荔.pdf
2025-04-21 10:25:03,597 - 已取消手动排序
2025-04-21 10:27:12,487 - 已选择 10 个 PDF 文件
2025-04-21 10:27:12,487 - 选择文件: _基于学科竞赛的广告设计课程“协同创新”教学实践.pdf
2025-04-21 10:27:12,487 - 选择文件: _技术、观念、语言――艺术设计专业的摄影教学探索.pdf
2025-04-21 10:27:12,487 - 选择文件: _设计专业摄影课程的“协同创新”教学实践.pdf
2025-04-21 10:27:12,487 - 选择文件: _艺术设计专业主题式摄影教学模式初探（有作品）.pdf
2025-04-21 10:27:12,487 - 选择文件: 高校美育品牌构建与运作模式思考.pdf
2025-04-21 10:27:12,487 - 选择文件: 将外拍灯装在机顶.pdf
2025-04-21 10:27:12,487 - 选择文件: 明日风尚王荔.pdf
2025-04-21 10:27:12,487 - 选择文件: 权威期刊指南.pdf
2025-04-21 10:27:12,487 - 选择文件: 中国摄影.pdf
2025-04-21 10:27:12,487 - 选择文件: 中国艺术王荔.pdf
2025-04-21 10:29:28,523 - 已取消手动排序
2025-04-21 10:35:17,846 - 已选择 10 个 PDF 文件
2025-04-21 10:35:17,846 - 选择文件: _基于学科竞赛的广告设计课程“协同创新”教学实践.pdf
2025-04-21 10:35:17,846 - 选择文件: _技术、观念、语言――艺术设计专业的摄影教学探索.pdf
2025-04-21 10:35:17,846 - 选择文件: _设计专业摄影课程的“协同创新”教学实践.pdf
2025-04-21 10:35:17,846 - 选择文件: _艺术设计专业主题式摄影教学模式初探（有作品）.pdf
2025-04-21 10:35:17,846 - 选择文件: 高校美育品牌构建与运作模式思考.pdf
2025-04-21 10:35:17,846 - 选择文件: 将外拍灯装在机顶.pdf
2025-04-21 10:35:17,846 - 选择文件: 明日风尚王荔.pdf
2025-04-21 10:35:17,846 - 选择文件: 权威期刊指南.pdf
2025-04-21 10:35:17,846 - 选择文件: 中国摄影.pdf
2025-04-21 10:35:17,846 - 选择文件: 中国艺术王荔.pdf
2025-04-21 10:38:07,189 - 已选择 10 个 PDF 文件
2025-04-21 10:38:07,190 - 选择文件: _基于学科竞赛的广告设计课程“协同创新”教学实践.pdf
2025-04-21 10:38:07,190 - 选择文件: _技术、观念、语言――艺术设计专业的摄影教学探索.pdf
2025-04-21 10:38:07,190 - 选择文件: _设计专业摄影课程的“协同创新”教学实践.pdf
2025-04-21 10:38:07,190 - 选择文件: _艺术设计专业主题式摄影教学模式初探（有作品）.pdf
2025-04-21 10:38:07,190 - 选择文件: 高校美育品牌构建与运作模式思考.pdf
2025-04-21 10:38:07,190 - 选择文件: 将外拍灯装在机顶.pdf
2025-04-21 10:38:07,190 - 选择文件: 明日风尚王荔.pdf
2025-04-21 10:38:07,190 - 选择文件: 权威期刊指南.pdf
2025-04-21 10:38:07,190 - 选择文件: 中国摄影.pdf
2025-04-21 10:38:07,190 - 选择文件: 中国艺术王荔.pdf
2025-04-21 10:39:55,395 - 打开设置窗口
2025-04-21 10:40:33,946 - 打开设置窗口
2025-04-21 10:40:50,242 - 打开设置窗口
2025-04-21 10:45:15,143 - 已选择 10 个 PDF 文件
2025-04-21 10:45:15,143 - 选择文件: _基于学科竞赛的广告设计课程“协同创新”教学实践.pdf
2025-04-21 10:45:15,143 - 选择文件: _技术、观念、语言――艺术设计专业的摄影教学探索.pdf
2025-04-21 10:45:15,143 - 选择文件: _设计专业摄影课程的“协同创新”教学实践.pdf
2025-04-21 10:45:15,143 - 选择文件: _艺术设计专业主题式摄影教学模式初探（有作品）.pdf
2025-04-21 10:45:15,143 - 选择文件: 高校美育品牌构建与运作模式思考.pdf
2025-04-21 10:45:15,143 - 选择文件: 将外拍灯装在机顶.pdf
2025-04-21 10:45:15,143 - 选择文件: 明日风尚王荔.pdf
2025-04-21 10:45:15,143 - 选择文件: 权威期刊指南.pdf
2025-04-21 10:45:15,143 - 选择文件: 中国摄影.pdf
2025-04-21 10:45:15,143 - 选择文件: 中国艺术王荔.pdf
2025-04-21 10:46:18,694 - 打开设置窗口
2025-04-21 10:56:07,832 - 打开设置窗口
2025-04-21 10:56:21,080 - 已选择 10 个 PDF 文件
2025-04-21 10:56:21,080 - 选择文件: _基于学科竞赛的广告设计课程“协同创新”教学实践.pdf
2025-04-21 10:56:21,080 - 选择文件: _技术、观念、语言――艺术设计专业的摄影教学探索.pdf
2025-04-21 10:56:21,080 - 选择文件: _设计专业摄影课程的“协同创新”教学实践.pdf
2025-04-21 10:56:21,080 - 选择文件: _艺术设计专业主题式摄影教学模式初探（有作品）.pdf
2025-04-21 10:56:21,080 - 选择文件: 高校美育品牌构建与运作模式思考.pdf
2025-04-21 10:56:21,080 - 选择文件: 将外拍灯装在机顶.pdf
2025-04-21 10:56:21,080 - 选择文件: 明日风尚王荔.pdf
2025-04-21 10:56:21,080 - 选择文件: 权威期刊指南.pdf
2025-04-21 10:56:21,080 - 选择文件: 中国摄影.pdf
2025-04-21 10:56:21,080 - 选择文件: 中国艺术王荔.pdf
2025-04-21 10:57:19,429 - 已复制: _基于学科竞赛的广告设计课程“协同创新”教学实践.pdf -> 1._基于学科竞赛的广告设计课程“协同创新”教学实践
2025-04-21 10:57:19,430 - 正在转换: _基于学科竞赛的广告设计课程“协同创新”教学实践.pdf
2025-04-21 10:57:21,352 - 已生成: 1.jpg
2025-04-21 10:57:21,379 - 已生成: 2.jpg
2025-04-21 10:57:21,410 - 已生成: 3.jpg
2025-04-21 10:57:21,441 - 已生成: 4.jpg
2025-04-21 10:57:21,446 - 已复制: 权威期刊指南.pdf -> 2.权威期刊指南
2025-04-21 10:57:21,446 - 正在转换: 权威期刊指南.pdf
2025-04-21 10:57:22,177 - 已生成: 1.jpg
2025-04-21 10:57:22,206 - 已生成: 2.jpg
2025-04-21 10:57:22,211 - 已复制: _技术、观念、语言――艺术设计专业的摄影教学探索.pdf -> 3._技术、观念、语言――艺术设计专业的摄影教学探索
2025-04-21 10:57:22,211 - 正在转换: _技术、观念、语言――艺术设计专业的摄影教学探索.pdf
2025-04-21 10:57:23,627 - 已生成: 1.jpg
2025-04-21 10:57:23,652 - 已生成: 2.jpg
2025-04-21 10:57:23,683 - 已生成: 3.jpg
2025-04-21 10:57:23,712 - 已生成: 4.jpg
2025-04-21 10:57:23,739 - 已生成: 5.jpg
2025-04-21 10:57:23,746 - 已复制: _设计专业摄影课程的“协同创新”教学实践.pdf -> 4._设计专业摄影课程的“协同创新”教学实践
2025-04-21 10:57:23,746 - 正在转换: _设计专业摄影课程的“协同创新”教学实践.pdf
2025-04-21 10:57:25,632 - 已生成: 1.jpg
2025-04-21 10:57:25,661 - 已生成: 2.jpg
2025-04-21 10:57:25,693 - 已生成: 3.jpg
2025-04-21 10:57:25,724 - 已生成: 4.jpg
2025-04-21 10:57:25,754 - 已生成: 5.jpg
2025-04-21 10:57:25,760 - 已复制: _艺术设计专业主题式摄影教学模式初探（有作品）.pdf -> 5._艺术设计专业主题式摄影教学模式初探（有作品）
2025-04-21 10:57:25,760 - 正在转换: _艺术设计专业主题式摄影教学模式初探（有作品）.pdf
2025-04-21 10:57:26,928 - 已生成: 1.jpg
2025-04-21 10:57:26,957 - 已生成: 2.jpg
2025-04-21 10:57:26,989 - 已生成: 3.jpg
2025-04-21 10:57:27,020 - 已生成: 4.jpg
2025-04-21 10:57:27,026 - 已复制: 高校美育品牌构建与运作模式思考.pdf -> 6.高校美育品牌构建与运作模式思考
2025-04-21 10:57:27,026 - 正在转换: 高校美育品牌构建与运作模式思考.pdf
2025-04-21 10:57:28,174 - 已生成: 1.jpg
2025-04-21 10:57:28,208 - 已生成: 2.jpg
2025-04-21 10:57:28,237 - 已生成: 3.jpg
2025-04-21 10:57:28,268 - 已生成: 4.jpg
2025-04-21 10:57:28,297 - 已生成: 5.jpg
2025-04-21 10:57:28,892 - 已复制: 将外拍灯装在机顶.pdf -> 7.将外拍灯装在机顶
2025-04-21 10:57:28,892 - 正在转换: 将外拍灯装在机顶.pdf
2025-04-21 10:57:30,201 - 已生成: 1.jpg
2025-04-21 10:57:30,227 - 已生成: 2.jpg
2025-04-21 10:57:30,252 - 已生成: 3.jpg
2025-04-21 10:57:30,280 - 已生成: 4.jpg
2025-04-21 10:57:30,312 - 已生成: 5.jpg
2025-04-21 10:57:30,319 - 已复制: 明日风尚王荔.pdf -> 8.明日风尚王荔
2025-04-21 10:57:30,319 - 正在转换: 明日风尚王荔.pdf
2025-04-21 10:57:32,923 - 已生成: 1.jpg
2025-04-21 10:57:32,951 - 已生成: 2.jpg
2025-04-21 10:57:32,978 - 已生成: 3.jpg
2025-04-21 10:57:33,006 - 已生成: 4.jpg
2025-04-21 10:57:33,036 - 已生成: 5.jpg
2025-04-21 10:57:33,067 - 已生成: 6.jpg
2025-04-21 10:57:33,098 - 已生成: 7.jpg
2025-04-21 10:57:33,107 - 已复制: 中国摄影.pdf -> 9.中国摄影
2025-04-21 10:57:33,107 - 正在转换: 中国摄影.pdf
2025-04-21 10:57:36,853 - 已生成: 1.jpg
2025-04-21 10:57:36,882 - 已生成: 2.jpg
2025-04-21 10:57:36,914 - 已生成: 3.jpg
2025-04-21 10:57:36,946 - 已生成: 4.jpg
2025-04-21 10:57:36,952 - 已复制: 中国艺术王荔.pdf -> 10.中国艺术王荔
2025-04-21 10:57:36,952 - 正在转换: 中国艺术王荔.pdf
2025-04-21 10:57:38,951 - 已生成: 1.jpg
2025-04-21 10:57:38,978 - 已生成: 2.jpg
2025-04-21 10:57:39,009 - 已生成: 3.jpg
2025-04-21 10:57:39,039 - 已生成: 4.jpg
2025-04-21 10:57:39,067 - 已生成: 5.jpg
2025-04-21 10:57:39,093 - 已生成: 6.jpg
2025-04-21 10:57:39,121 - 已生成: 7.jpg
2025-04-21 10:57:39,151 - 已生成: 8.jpg
2025-04-21 10:57:39,158 - 处理完成！成功整理 10/10 个 PDF 文件，生成 49 张图片
2025-04-21 10:58:50,283 - 已选择 10 个 PDF 文件
2025-04-21 10:58:50,283 - 选择文件: _基于学科竞赛的广告设计课程“协同创新”教学实践.pdf
2025-04-21 10:58:50,283 - 选择文件: _技术、观念、语言――艺术设计专业的摄影教学探索.pdf
2025-04-21 10:58:50,283 - 选择文件: _设计专业摄影课程的“协同创新”教学实践.pdf
2025-04-21 10:58:50,283 - 选择文件: _艺术设计专业主题式摄影教学模式初探（有作品）.pdf
2025-04-21 10:58:50,283 - 选择文件: 高校美育品牌构建与运作模式思考.pdf
2025-04-21 10:58:50,283 - 选择文件: 将外拍灯装在机顶.pdf
2025-04-21 10:58:50,283 - 选择文件: 明日风尚王荔.pdf
2025-04-21 10:58:50,283 - 选择文件: 权威期刊指南.pdf
2025-04-21 10:58:50,283 - 选择文件: 中国摄影.pdf
2025-04-21 10:58:50,283 - 选择文件: 中国艺术王荔.pdf
2025-04-21 10:58:59,568 - 已取消手动排序
2025-04-21 10:59:13,190 - 已选择 10 个 PDF 文件
2025-04-21 10:59:13,190 - 选择文件: _基于学科竞赛的广告设计课程“协同创新”教学实践.pdf
2025-04-21 10:59:13,190 - 选择文件: _技术、观念、语言――艺术设计专业的摄影教学探索.pdf
2025-04-21 10:59:13,190 - 选择文件: _设计专业摄影课程的“协同创新”教学实践.pdf
2025-04-21 10:59:13,190 - 选择文件: _艺术设计专业主题式摄影教学模式初探（有作品）.pdf
2025-04-21 10:59:13,190 - 选择文件: 高校美育品牌构建与运作模式思考.pdf
2025-04-21 10:59:13,190 - 选择文件: 将外拍灯装在机顶.pdf
2025-04-21 10:59:13,190 - 选择文件: 明日风尚王荔.pdf
2025-04-21 10:59:13,190 - 选择文件: 权威期刊指南.pdf
2025-04-21 10:59:13,191 - 选择文件: 中国摄影.pdf
2025-04-21 10:59:13,191 - 选择文件: 中国艺术王荔.pdf
2025-04-21 11:11:28,511 - 已取消手动排序
2025-04-21 11:11:36,971 - 已选择 10 个 PDF 文件
2025-04-21 11:11:36,971 - 选择文件: _基于学科竞赛的广告设计课程“协同创新”教学实践.pdf
2025-04-21 11:11:36,971 - 选择文件: _技术、观念、语言――艺术设计专业的摄影教学探索.pdf
2025-04-21 11:11:36,971 - 选择文件: _设计专业摄影课程的“协同创新”教学实践.pdf
2025-04-21 11:11:36,971 - 选择文件: _艺术设计专业主题式摄影教学模式初探（有作品）.pdf
2025-04-21 11:11:36,971 - 选择文件: 高校美育品牌构建与运作模式思考.pdf
2025-04-21 11:11:36,971 - 选择文件: 将外拍灯装在机顶.pdf
2025-04-21 11:11:36,971 - 选择文件: 明日风尚王荔.pdf
2025-04-21 11:11:36,971 - 选择文件: 权威期刊指南.pdf
2025-04-21 11:11:36,971 - 选择文件: 中国摄影.pdf
2025-04-21 11:11:36,971 - 选择文件: 中国艺术王荔.pdf
2025-04-21 11:12:09,264 - 已取消手动排序
2025-04-21 11:12:42,627 - 已选择 10 个 PDF 文件
2025-04-21 11:12:42,627 - 选择文件: _基于学科竞赛的广告设计课程“协同创新”教学实践.pdf
2025-04-21 11:12:42,627 - 选择文件: _技术、观念、语言――艺术设计专业的摄影教学探索.pdf
2025-04-21 11:12:42,627 - 选择文件: _设计专业摄影课程的“协同创新”教学实践.pdf
2025-04-21 11:12:42,627 - 选择文件: _艺术设计专业主题式摄影教学模式初探（有作品）.pdf
2025-04-21 11:12:42,627 - 选择文件: 高校美育品牌构建与运作模式思考.pdf
2025-04-21 11:12:42,627 - 选择文件: 将外拍灯装在机顶.pdf
2025-04-21 11:12:42,627 - 选择文件: 明日风尚王荔.pdf
2025-04-21 11:12:42,627 - 选择文件: 权威期刊指南.pdf
2025-04-21 11:12:42,627 - 选择文件: 中国摄影.pdf
2025-04-21 11:12:42,627 - 选择文件: 中国艺术王荔.pdf
2025-04-21 11:12:44,885 - 已取消手动排序
2025-04-21 11:12:45,918 - 打开设置窗口
2025-04-21 11:12:54,064 - 已选择 10 个 PDF 文件
2025-04-21 11:12:54,064 - 选择文件: _基于学科竞赛的广告设计课程“协同创新”教学实践.pdf
2025-04-21 11:12:54,064 - 选择文件: _技术、观念、语言――艺术设计专业的摄影教学探索.pdf
2025-04-21 11:12:54,064 - 选择文件: _设计专业摄影课程的“协同创新”教学实践.pdf
2025-04-21 11:12:54,064 - 选择文件: _艺术设计专业主题式摄影教学模式初探（有作品）.pdf
2025-04-21 11:12:54,064 - 选择文件: 高校美育品牌构建与运作模式思考.pdf
2025-04-21 11:12:54,064 - 选择文件: 将外拍灯装在机顶.pdf
2025-04-21 11:12:54,064 - 选择文件: 明日风尚王荔.pdf
2025-04-21 11:12:54,064 - 选择文件: 权威期刊指南.pdf
2025-04-21 11:12:54,064 - 选择文件: 中国摄影.pdf
2025-04-21 11:12:54,064 - 选择文件: 中国艺术王荔.pdf
2025-04-21 11:13:02,604 - 正在处理: _基于学科竞赛的广告设计课程“协同创新”教学实践.pdf（保留源文件）
2025-04-21 11:13:02,604 - 正在转换: _基于学科竞赛的广告设计课程“协同创新”教学实践.pdf
2025-04-21 11:13:04,534 - 已生成: 1.jpg
2025-04-21 11:13:04,558 - 已生成: 2.jpg
2025-04-21 11:13:04,587 - 已生成: 3.jpg
2025-04-21 11:13:04,617 - 已生成: 4.jpg
2025-04-21 11:13:04,622 - 正在处理: _技术、观念、语言――艺术设计专业的摄影教学探索.pdf（保留源文件）
2025-04-21 11:13:04,622 - 正在转换: _技术、观念、语言――艺术设计专业的摄影教学探索.pdf
2025-04-21 11:13:06,043 - 已生成: 1.jpg
2025-04-21 11:13:06,069 - 已生成: 2.jpg
2025-04-21 11:13:06,099 - 已生成: 3.jpg
2025-04-21 11:13:06,130 - 已生成: 4.jpg
2025-04-21 11:13:06,157 - 已生成: 5.jpg
2025-04-21 11:13:06,161 - 正在处理: _设计专业摄影课程的“协同创新”教学实践.pdf（保留源文件）
2025-04-21 11:13:06,161 - 正在转换: _设计专业摄影课程的“协同创新”教学实践.pdf
2025-04-21 11:13:08,035 - 已生成: 1.jpg
2025-04-21 11:13:08,062 - 已生成: 2.jpg
2025-04-21 11:13:08,092 - 已生成: 3.jpg
2025-04-21 11:13:08,121 - 已生成: 4.jpg
2025-04-21 11:13:08,148 - 已生成: 5.jpg
2025-04-21 11:13:08,153 - 正在处理: _艺术设计专业主题式摄影教学模式初探（有作品）.pdf（保留源文件）
2025-04-21 11:13:08,153 - 正在转换: _艺术设计专业主题式摄影教学模式初探（有作品）.pdf
2025-04-21 11:13:09,284 - 已生成: 1.jpg
2025-04-21 11:13:09,312 - 已生成: 2.jpg
2025-04-21 11:13:09,341 - 已生成: 3.jpg
2025-04-21 11:13:09,369 - 已生成: 4.jpg
2025-04-21 11:13:09,391 - 正在处理: 高校美育品牌构建与运作模式思考.pdf（保留源文件）
2025-04-21 11:13:09,391 - 正在转换: 高校美育品牌构建与运作模式思考.pdf
2025-04-21 11:13:10,536 - 已生成: 1.jpg
2025-04-21 11:13:10,565 - 已生成: 2.jpg
2025-04-21 11:13:10,594 - 已生成: 3.jpg
2025-04-21 11:13:10,622 - 已生成: 4.jpg
2025-04-21 11:13:10,649 - 已生成: 5.jpg
2025-04-21 11:13:10,654 - 正在处理: 将外拍灯装在机顶.pdf（保留源文件）
2025-04-21 11:13:10,654 - 正在转换: 将外拍灯装在机顶.pdf
2025-04-21 11:13:11,970 - 已生成: 1.jpg
2025-04-21 11:13:11,997 - 已生成: 2.jpg
2025-04-21 11:13:12,024 - 已生成: 3.jpg
2025-04-21 11:13:12,052 - 已生成: 4.jpg
2025-04-21 11:13:12,083 - 已生成: 5.jpg
2025-04-21 11:13:12,089 - 正在处理: 明日风尚王荔.pdf（保留源文件）
2025-04-21 11:13:12,089 - 正在转换: 明日风尚王荔.pdf
2025-04-21 11:13:14,709 - 已生成: 1.jpg
2025-04-21 11:13:14,737 - 已生成: 2.jpg
2025-04-21 11:13:14,763 - 已生成: 3.jpg
2025-04-21 11:13:14,790 - 已生成: 4.jpg
2025-04-21 11:13:14,819 - 已生成: 5.jpg
2025-04-21 11:13:14,848 - 已生成: 6.jpg
2025-04-21 11:13:14,875 - 已生成: 7.jpg
2025-04-21 11:13:14,881 - 正在处理: 权威期刊指南.pdf（保留源文件）
2025-04-21 11:13:14,881 - 正在转换: 权威期刊指南.pdf
2025-04-21 11:13:15,599 - 已生成: 1.jpg
2025-04-21 11:13:15,625 - 已生成: 2.jpg
2025-04-21 11:13:15,627 - 正在处理: 中国摄影.pdf（保留源文件）
2025-04-21 11:13:15,627 - 正在转换: 中国摄影.pdf
2025-04-21 11:13:19,355 - 已生成: 1.jpg
2025-04-21 11:13:19,381 - 已生成: 2.jpg
2025-04-21 11:13:19,410 - 已生成: 3.jpg
2025-04-21 11:13:19,439 - 已生成: 4.jpg
2025-04-21 11:13:19,443 - 正在处理: 中国艺术王荔.pdf（保留源文件）
2025-04-21 11:13:19,443 - 正在转换: 中国艺术王荔.pdf
2025-04-21 11:13:21,413 - 已生成: 1.jpg
2025-04-21 11:13:21,438 - 已生成: 2.jpg
2025-04-21 11:13:21,466 - 已生成: 3.jpg
2025-04-21 11:13:21,495 - 已生成: 4.jpg
2025-04-21 11:13:21,525 - 已生成: 5.jpg
2025-04-21 11:13:21,551 - 已生成: 6.jpg
2025-04-21 11:13:21,578 - 已生成: 7.jpg
2025-04-21 11:13:21,605 - 已生成: 8.jpg
2025-04-21 11:13:21,629 - 处理完成！成功整理 10/10 个 PDF 文件，生成 49 张图片
2025-04-21 11:14:35,597 - 打开设置窗口
2025-04-21 11:14:40,684 - 打开设置窗口
2025-04-21 11:16:00,172 - 打开设置窗口
2025-04-21 11:16:58,798 - 已选择 10 个 PDF 文件
2025-04-21 11:16:58,798 - 选择文件: _基于学科竞赛的广告设计课程“协同创新”教学实践.pdf
2025-04-21 11:16:58,798 - 选择文件: _技术、观念、语言――艺术设计专业的摄影教学探索.pdf
2025-04-21 11:16:58,798 - 选择文件: _设计专业摄影课程的“协同创新”教学实践.pdf
2025-04-21 11:16:58,798 - 选择文件: _艺术设计专业主题式摄影教学模式初探（有作品）.pdf
2025-04-21 11:16:58,798 - 选择文件: 高校美育品牌构建与运作模式思考.pdf
2025-04-21 11:16:58,798 - 选择文件: 将外拍灯装在机顶.pdf
2025-04-21 11:16:58,798 - 选择文件: 明日风尚王荔.pdf
2025-04-21 11:16:58,798 - 选择文件: 权威期刊指南.pdf
2025-04-21 11:16:58,798 - 选择文件: 中国摄影.pdf
2025-04-21 11:16:58,798 - 选择文件: 中国艺术王荔.pdf
2025-04-21 11:17:05,997 - 已取消手动排序
2025-04-21 11:22:44,299 - 已选择 10 个 PDF 文件
2025-04-21 11:22:44,299 - 选择文件: _基于学科竞赛的广告设计课程“协同创新”教学实践.pdf
2025-04-21 11:22:44,299 - 选择文件: _技术、观念、语言――艺术设计专业的摄影教学探索.pdf
2025-04-21 11:22:44,299 - 选择文件: _设计专业摄影课程的“协同创新”教学实践.pdf
2025-04-21 11:22:44,299 - 选择文件: _艺术设计专业主题式摄影教学模式初探（有作品）.pdf
2025-04-21 11:22:44,299 - 选择文件: 高校美育品牌构建与运作模式思考.pdf
2025-04-21 11:22:44,299 - 选择文件: 将外拍灯装在机顶.pdf
2025-04-21 11:22:44,299 - 选择文件: 明日风尚王荔.pdf
2025-04-21 11:22:44,299 - 选择文件: 权威期刊指南.pdf
2025-04-21 11:22:44,299 - 选择文件: 中国摄影.pdf
2025-04-21 11:22:44,299 - 选择文件: 中国艺术王荔.pdf
2025-04-21 11:23:33,970 - 已选择 10 个 PDF 文件
2025-04-21 11:23:33,970 - 选择文件: _基于学科竞赛的广告设计课程“协同创新”教学实践.pdf
2025-04-21 11:23:33,970 - 选择文件: _技术、观念、语言――艺术设计专业的摄影教学探索.pdf
2025-04-21 11:23:33,970 - 选择文件: _设计专业摄影课程的“协同创新”教学实践.pdf
2025-04-21 11:23:33,970 - 选择文件: _艺术设计专业主题式摄影教学模式初探（有作品）.pdf
2025-04-21 11:23:33,970 - 选择文件: 高校美育品牌构建与运作模式思考.pdf
2025-04-21 11:23:33,970 - 选择文件: 将外拍灯装在机顶.pdf
2025-04-21 11:23:33,970 - 选择文件: 明日风尚王荔.pdf
2025-04-21 11:23:33,970 - 选择文件: 权威期刊指南.pdf
2025-04-21 11:23:33,970 - 选择文件: 中国摄影.pdf
2025-04-21 11:23:33,970 - 选择文件: 中国艺术王荔.pdf
2025-04-21 11:26:27,268 - 已选择 10 个 PDF 文件
2025-04-21 11:26:27,268 - 选择文件: _基于学科竞赛的广告设计课程“协同创新”教学实践.pdf
2025-04-21 11:26:27,268 - 选择文件: _技术、观念、语言――艺术设计专业的摄影教学探索.pdf
2025-04-21 11:26:27,268 - 选择文件: _设计专业摄影课程的“协同创新”教学实践.pdf
2025-04-21 11:26:27,268 - 选择文件: _艺术设计专业主题式摄影教学模式初探（有作品）.pdf
2025-04-21 11:26:27,268 - 选择文件: 高校美育品牌构建与运作模式思考.pdf
2025-04-21 11:26:27,268 - 选择文件: 将外拍灯装在机顶.pdf
2025-04-21 11:26:27,268 - 选择文件: 明日风尚王荔.pdf
2025-04-21 11:26:27,268 - 选择文件: 权威期刊指南.pdf
2025-04-21 11:26:27,268 - 选择文件: 中国摄影.pdf
2025-04-21 11:26:27,268 - 选择文件: 中国艺术王荔.pdf
2025-04-21 11:27:48,549 - 已复制: _技术、观念、语言――艺术设计专业的摄影教学探索.pdf -> 1._技术、观念、语言――艺术设计专业的摄影教学探索
2025-04-21 11:27:48,549 - 正在转换: _技术、观念、语言――艺术设计专业的摄影教学探索.pdf
2025-04-21 11:27:49,974 - 已生成: 1.jpg
2025-04-21 11:27:49,999 - 已生成: 2.jpg
2025-04-21 11:27:50,029 - 已生成: 3.jpg
2025-04-21 11:27:50,060 - 已生成: 4.jpg
2025-04-21 11:27:50,086 - 已生成: 5.jpg
2025-04-21 11:27:50,091 - 已删除目标文件夹中的 PDF: _技术、观念、语言――艺术设计专业的摄影教学探索.pdf
2025-04-21 11:27:50,094 - 已复制: 高校美育品牌构建与运作模式思考.pdf -> 2.高校美育品牌构建与运作模式思考
2025-04-21 11:27:50,094 - 正在转换: 高校美育品牌构建与运作模式思考.pdf
2025-04-21 11:27:51,242 - 已生成: 1.jpg
2025-04-21 11:27:51,270 - 已生成: 2.jpg
2025-04-21 11:27:51,298 - 已生成: 3.jpg
2025-04-21 11:27:51,327 - 已生成: 4.jpg
2025-04-21 11:27:51,354 - 已生成: 5.jpg
2025-04-21 11:27:51,359 - 已删除目标文件夹中的 PDF: 高校美育品牌构建与运作模式思考.pdf
2025-04-21 11:27:51,361 - 已复制: 明日风尚王荔.pdf -> 3.明日风尚王荔
2025-04-21 11:27:51,363 - 正在转换: 明日风尚王荔.pdf
2025-04-21 11:27:53,984 - 已生成: 1.jpg
2025-04-21 11:27:54,012 - 已生成: 2.jpg
2025-04-21 11:27:54,040 - 已生成: 3.jpg
2025-04-21 11:27:54,068 - 已生成: 4.jpg
2025-04-21 11:27:54,097 - 已生成: 5.jpg
2025-04-21 11:27:54,125 - 已生成: 6.jpg
2025-04-21 11:27:54,154 - 已生成: 7.jpg
2025-04-21 11:27:54,160 - 已删除目标文件夹中的 PDF: 明日风尚王荔.pdf
2025-04-21 11:27:54,162 - 已复制: 中国艺术王荔.pdf -> 4.中国艺术王荔
2025-04-21 11:27:54,162 - 正在转换: 中国艺术王荔.pdf
2025-04-21 11:27:56,184 - 已生成: 1.jpg
2025-04-21 11:27:56,216 - 已生成: 2.jpg
2025-04-21 11:27:56,250 - 已生成: 3.jpg
2025-04-21 11:27:56,282 - 已生成: 4.jpg
2025-04-21 11:27:56,311 - 已生成: 5.jpg
2025-04-21 11:27:56,338 - 已生成: 6.jpg
2025-04-21 11:27:56,365 - 已生成: 7.jpg
2025-04-21 11:27:56,393 - 已生成: 8.jpg
2025-04-21 11:27:56,400 - 已删除目标文件夹中的 PDF: 中国艺术王荔.pdf
2025-04-21 11:27:56,401 - 已复制: 权威期刊指南.pdf -> 5.权威期刊指南
2025-04-21 11:27:56,401 - 正在转换: 权威期刊指南.pdf
2025-04-21 11:27:57,131 - 已生成: 1.jpg
2025-04-21 11:27:57,158 - 已生成: 2.jpg
2025-04-21 11:27:57,160 - 已删除目标文件夹中的 PDF: 权威期刊指南.pdf
2025-04-21 11:27:57,164 - 已复制: _基于学科竞赛的广告设计课程“协同创新”教学实践.pdf -> 6._基于学科竞赛的广告设计课程“协同创新”教学实践
2025-04-21 11:27:57,164 - 正在转换: _基于学科竞赛的广告设计课程“协同创新”教学实践.pdf
2025-04-21 11:27:59,223 - 已生成: 1.jpg
2025-04-21 11:27:59,249 - 已生成: 2.jpg
2025-04-21 11:27:59,284 - 已生成: 3.jpg
2025-04-21 11:27:59,316 - 已生成: 4.jpg
2025-04-21 11:27:59,320 - 已删除目标文件夹中的 PDF: _基于学科竞赛的广告设计课程“协同创新”教学实践.pdf
2025-04-21 11:27:59,322 - 已复制: _艺术设计专业主题式摄影教学模式初探（有作品）.pdf -> 7._艺术设计专业主题式摄影教学模式初探（有作品）
2025-04-21 11:27:59,322 - 正在转换: _艺术设计专业主题式摄影教学模式初探（有作品）.pdf
2025-04-21 11:28:00,505 - 已生成: 1.jpg
2025-04-21 11:28:00,537 - 已生成: 2.jpg
2025-04-21 11:28:00,567 - 已生成: 3.jpg
2025-04-21 11:28:00,599 - 已生成: 4.jpg
2025-04-21 11:28:00,604 - 已删除目标文件夹中的 PDF: _艺术设计专业主题式摄影教学模式初探（有作品）.pdf
2025-04-21 11:28:00,630 - 已复制: 将外拍灯装在机顶.pdf -> 8.将外拍灯装在机顶
2025-04-21 11:28:00,631 - 正在转换: 将外拍灯装在机顶.pdf
2025-04-21 11:28:01,969 - 已生成: 1.jpg
2025-04-21 11:28:01,999 - 已生成: 2.jpg
2025-04-21 11:28:02,029 - 已生成: 3.jpg
2025-04-21 11:28:02,071 - 已生成: 4.jpg
2025-04-21 11:28:02,109 - 已生成: 5.jpg
2025-04-21 11:28:02,117 - 已删除目标文件夹中的 PDF: 将外拍灯装在机顶.pdf
2025-04-21 11:28:02,120 - 已复制: _设计专业摄影课程的“协同创新”教学实践.pdf -> 9._设计专业摄影课程的“协同创新”教学实践
2025-04-21 11:28:02,120 - 正在转换: _设计专业摄影课程的“协同创新”教学实践.pdf
2025-04-21 11:28:04,041 - 已生成: 1.jpg
2025-04-21 11:28:04,078 - 已生成: 2.jpg
2025-04-21 11:28:04,107 - 已生成: 3.jpg
2025-04-21 11:28:04,142 - 已生成: 4.jpg
2025-04-21 11:28:04,170 - 已生成: 5.jpg
2025-04-21 11:28:04,175 - 已删除目标文件夹中的 PDF: _设计专业摄影课程的“协同创新”教学实践.pdf
2025-04-21 11:28:04,179 - 已复制: 中国摄影.pdf -> 10.中国摄影
2025-04-21 11:28:04,179 - 正在转换: 中国摄影.pdf
2025-04-21 11:28:08,491 - 已生成: 1.jpg
2025-04-21 11:28:08,518 - 已生成: 2.jpg
2025-04-21 11:28:08,547 - 已生成: 3.jpg
2025-04-21 11:28:08,577 - 已生成: 4.jpg
2025-04-21 11:28:08,581 - 已删除目标文件夹中的 PDF: 中国摄影.pdf
2025-04-21 11:28:08,582 - 处理完成！成功整理 10/10 个 PDF 文件，生成 49 张图片
2025-04-21 11:28:38,689 - 已选择 10 个 PDF 文件
2025-04-21 11:28:38,689 - 选择文件: _基于学科竞赛的广告设计课程“协同创新”教学实践.pdf
2025-04-21 11:28:38,689 - 选择文件: _技术、观念、语言――艺术设计专业的摄影教学探索.pdf
2025-04-21 11:28:38,689 - 选择文件: _设计专业摄影课程的“协同创新”教学实践.pdf
2025-04-21 11:28:38,689 - 选择文件: _艺术设计专业主题式摄影教学模式初探（有作品）.pdf
2025-04-21 11:28:38,689 - 选择文件: 高校美育品牌构建与运作模式思考.pdf
2025-04-21 11:28:38,689 - 选择文件: 将外拍灯装在机顶.pdf
2025-04-21 11:28:38,689 - 选择文件: 明日风尚王荔.pdf
2025-04-21 11:28:38,689 - 选择文件: 权威期刊指南.pdf
2025-04-21 11:28:38,689 - 选择文件: 中国摄影.pdf
2025-04-21 11:28:38,689 - 选择文件: 中国艺术王荔.pdf
2025-04-21 11:28:45,822 - 已复制: _基于学科竞赛的广告设计课程“协同创新”教学实践.pdf -> 1._基于学科竞赛的广告设计课程“协同创新”教学实践
2025-04-21 11:28:45,822 - 正在转换: _基于学科竞赛的广告设计课程“协同创新”教学实践.pdf
2025-04-21 11:28:47,750 - 已生成: 1.jpg
2025-04-21 11:28:47,776 - 已生成: 2.jpg
2025-04-21 11:28:47,805 - 已生成: 3.jpg
2025-04-21 11:28:47,835 - 已生成: 4.jpg
2025-04-21 11:28:47,839 - 已删除目标文件夹中的 PDF: _基于学科竞赛的广告设计课程“协同创新”教学实践.pdf
2025-04-21 11:28:47,843 - 已复制: _技术、观念、语言――艺术设计专业的摄影教学探索.pdf -> 2._技术、观念、语言――艺术设计专业的摄影教学探索
2025-04-21 11:28:47,843 - 正在转换: _技术、观念、语言――艺术设计专业的摄影教学探索.pdf
2025-04-21 11:28:49,267 - 已生成: 1.jpg
2025-04-21 11:28:49,294 - 已生成: 2.jpg
2025-04-21 11:28:49,324 - 已生成: 3.jpg
2025-04-21 11:28:49,354 - 已生成: 4.jpg
2025-04-21 11:28:49,380 - 已生成: 5.jpg
2025-04-21 11:28:49,385 - 已删除目标文件夹中的 PDF: _技术、观念、语言――艺术设计专业的摄影教学探索.pdf
2025-04-21 11:28:49,388 - 已复制: _设计专业摄影课程的“协同创新”教学实践.pdf -> 3._设计专业摄影课程的“协同创新”教学实践
2025-04-21 11:28:49,388 - 正在转换: _设计专业摄影课程的“协同创新”教学实践.pdf
2025-04-21 11:28:51,290 - 已生成: 1.jpg
2025-04-21 11:28:51,319 - 已生成: 2.jpg
2025-04-21 11:28:51,348 - 已生成: 3.jpg
2025-04-21 11:28:51,377 - 已生成: 4.jpg
2025-04-21 11:28:51,404 - 已生成: 5.jpg
2025-04-21 11:28:51,408 - 已删除目标文件夹中的 PDF: _设计专业摄影课程的“协同创新”教学实践.pdf
2025-04-21 11:28:51,410 - 已复制: _艺术设计专业主题式摄影教学模式初探（有作品）.pdf -> 4._艺术设计专业主题式摄影教学模式初探（有作品）
2025-04-21 11:28:51,410 - 正在转换: _艺术设计专业主题式摄影教学模式初探（有作品）.pdf
2025-04-21 11:28:52,561 - 已生成: 1.jpg
2025-04-21 11:28:52,588 - 已生成: 2.jpg
2025-04-21 11:28:52,617 - 已生成: 3.jpg
2025-04-21 11:28:52,646 - 已生成: 4.jpg
2025-04-21 11:28:52,650 - 已删除目标文件夹中的 PDF: _艺术设计专业主题式摄影教学模式初探（有作品）.pdf
2025-04-21 11:28:52,652 - 已复制: 高校美育品牌构建与运作模式思考.pdf -> 5.高校美育品牌构建与运作模式思考
2025-04-21 11:28:52,652 - 正在转换: 高校美育品牌构建与运作模式思考.pdf
2025-04-21 11:28:53,818 - 已生成: 1.jpg
2025-04-21 11:28:53,845 - 已生成: 2.jpg
2025-04-21 11:28:53,874 - 已生成: 3.jpg
2025-04-21 11:28:53,902 - 已生成: 4.jpg
2025-04-21 11:28:53,930 - 已生成: 5.jpg
2025-04-21 11:28:53,936 - 已删除目标文件夹中的 PDF: 高校美育品牌构建与运作模式思考.pdf
2025-04-21 11:28:53,960 - 已复制: 将外拍灯装在机顶.pdf -> 6.将外拍灯装在机顶
2025-04-21 11:28:53,960 - 正在转换: 将外拍灯装在机顶.pdf
2025-04-21 11:28:55,272 - 已生成: 1.jpg
2025-04-21 11:28:55,299 - 已生成: 2.jpg
2025-04-21 11:28:55,325 - 已生成: 3.jpg
2025-04-21 11:28:55,355 - 已生成: 4.jpg
2025-04-21 11:28:55,385 - 已生成: 5.jpg
2025-04-21 11:28:55,392 - 已删除目标文件夹中的 PDF: 将外拍灯装在机顶.pdf
2025-04-21 11:28:55,396 - 已复制: 明日风尚王荔.pdf -> 7.明日风尚王荔
2025-04-21 11:28:55,396 - 正在转换: 明日风尚王荔.pdf
2025-04-21 11:28:58,017 - 已生成: 1.jpg
2025-04-21 11:28:58,045 - 已生成: 2.jpg
2025-04-21 11:28:58,072 - 已生成: 3.jpg
2025-04-21 11:28:58,099 - 已生成: 4.jpg
2025-04-21 11:28:58,127 - 已生成: 5.jpg
2025-04-21 11:28:58,156 - 已生成: 6.jpg
2025-04-21 11:28:58,184 - 已生成: 7.jpg
2025-04-21 11:28:58,191 - 已删除目标文件夹中的 PDF: 明日风尚王荔.pdf
2025-04-21 11:28:58,200 - 已复制: 权威期刊指南.pdf -> 8.权威期刊指南
2025-04-21 11:28:58,200 - 正在转换: 权威期刊指南.pdf
2025-04-21 11:28:58,923 - 已生成: 1.jpg
2025-04-21 11:28:58,948 - 已生成: 2.jpg
2025-04-21 11:28:58,950 - 已删除目标文件夹中的 PDF: 权威期刊指南.pdf
2025-04-21 11:28:58,961 - 已复制: 中国摄影.pdf -> 9.中国摄影
2025-04-21 11:28:58,961 - 正在转换: 中国摄影.pdf
2025-04-21 11:29:02,790 - 已生成: 1.jpg
2025-04-21 11:29:02,816 - 已生成: 2.jpg
2025-04-21 11:29:02,846 - 已生成: 3.jpg
2025-04-21 11:29:02,874 - 已生成: 4.jpg
2025-04-21 11:29:02,878 - 已删除目标文件夹中的 PDF: 中国摄影.pdf
2025-04-21 11:29:02,880 - 已复制: 中国艺术王荔.pdf -> 10.中国艺术王荔
2025-04-21 11:29:02,880 - 正在转换: 中国艺术王荔.pdf
2025-04-21 11:29:04,890 - 已生成: 1.jpg
2025-04-21 11:29:04,916 - 已生成: 2.jpg
2025-04-21 11:29:04,945 - 已生成: 3.jpg
2025-04-21 11:29:04,974 - 已生成: 4.jpg
2025-04-21 11:29:05,004 - 已生成: 5.jpg
2025-04-21 11:29:05,030 - 已生成: 6.jpg
2025-04-21 11:29:05,057 - 已生成: 7.jpg
2025-04-21 11:29:05,085 - 已生成: 8.jpg
2025-04-21 11:29:05,093 - 已删除目标文件夹中的 PDF: 中国艺术王荔.pdf
2025-04-21 11:29:05,113 - 处理完成！成功整理 10/10 个 PDF 文件，生成 49 张图片
2025-04-21 11:32:58,346 - 已选择 10 个 PDF 文件
2025-04-21 11:32:58,346 - 选择文件: _基于学科竞赛的广告设计课程“协同创新”教学实践.pdf
2025-04-21 11:32:58,346 - 选择文件: _技术、观念、语言――艺术设计专业的摄影教学探索.pdf
2025-04-21 11:32:58,346 - 选择文件: _设计专业摄影课程的“协同创新”教学实践.pdf
2025-04-21 11:32:58,346 - 选择文件: _艺术设计专业主题式摄影教学模式初探（有作品）.pdf
2025-04-21 11:32:58,346 - 选择文件: 高校美育品牌构建与运作模式思考.pdf
2025-04-21 11:32:58,346 - 选择文件: 将外拍灯装在机顶.pdf
2025-04-21 11:32:58,346 - 选择文件: 明日风尚王荔.pdf
2025-04-21 11:32:58,346 - 选择文件: 权威期刊指南.pdf
2025-04-21 11:32:58,346 - 选择文件: 中国摄影.pdf
2025-04-21 11:32:58,346 - 选择文件: 中国艺术王荔.pdf
2025-04-21 11:33:07,176 - 已取消手动排序
2025-04-21 11:33:10,721 - 打开设置窗口
2025-04-21 11:33:56,267 - 已选择 10 个 PDF 文件
2025-04-21 11:33:56,267 - 选择文件: _基于学科竞赛的广告设计课程“协同创新”教学实践.pdf
2025-04-21 11:33:56,267 - 选择文件: _技术、观念、语言――艺术设计专业的摄影教学探索.pdf
2025-04-21 11:33:56,267 - 选择文件: _设计专业摄影课程的“协同创新”教学实践.pdf
2025-04-21 11:33:56,267 - 选择文件: _艺术设计专业主题式摄影教学模式初探（有作品）.pdf
2025-04-21 11:33:56,267 - 选择文件: 高校美育品牌构建与运作模式思考.pdf
2025-04-21 11:33:56,267 - 选择文件: 将外拍灯装在机顶.pdf
2025-04-21 11:33:56,267 - 选择文件: 明日风尚王荔.pdf
2025-04-21 11:33:56,267 - 选择文件: 权威期刊指南.pdf
2025-04-21 11:33:56,267 - 选择文件: 中国摄影.pdf
2025-04-21 11:33:56,267 - 选择文件: 中国艺术王荔.pdf
2025-04-21 11:33:59,035 - 已取消手动排序
2025-04-21 11:34:36,361 - 已选择 10 个 PDF 文件
2025-04-21 11:34:36,361 - 选择文件: _基于学科竞赛的广告设计课程“协同创新”教学实践.pdf
2025-04-21 11:34:36,361 - 选择文件: _技术、观念、语言――艺术设计专业的摄影教学探索.pdf
2025-04-21 11:34:36,361 - 选择文件: _设计专业摄影课程的“协同创新”教学实践.pdf
2025-04-21 11:34:36,361 - 选择文件: _艺术设计专业主题式摄影教学模式初探（有作品）.pdf
2025-04-21 11:34:36,361 - 选择文件: 高校美育品牌构建与运作模式思考.pdf
2025-04-21 11:34:36,361 - 选择文件: 将外拍灯装在机顶.pdf
2025-04-21 11:34:36,361 - 选择文件: 明日风尚王荔.pdf
2025-04-21 11:34:36,361 - 选择文件: 权威期刊指南.pdf
2025-04-21 11:34:36,361 - 选择文件: 中国摄影.pdf
2025-04-21 11:34:36,361 - 选择文件: 中国艺术王荔.pdf
2025-04-21 11:35:01,795 - 已取消手动排序
2025-04-21 11:41:56,849 - ERROR - PDFOrganizerApp 初始化失败: unknown option "-font"
2025-04-21 11:45:43,763 - ERROR - PDFOrganizerApp 初始化失败: unknown option "-font"
2025-04-21 11:48:49,541 - INFO - 初始化主窗口
2025-04-21 11:48:49,585 - INFO - 创建主框架
2025-04-21 11:48:49,586 - INFO - 创建按钮框架
2025-04-21 11:48:49,586 - ERROR - PDFOrganizerApp 初始化失败: unknown option "-font"
2025-04-21 11:49:19,495 - INFO - 初始化主窗口
2025-04-21 11:49:19,540 - INFO - 创建主框架
2025-04-21 11:49:19,541 - INFO - 创建按钮框架
2025-04-21 11:49:19,541 - ERROR - PDFOrganizerApp 初始化失败: unknown option "-font"
2025-04-21 11:49:53,280 - INFO - 初始化主窗口
2025-04-21 11:49:53,324 - INFO - 创建主框架
2025-04-21 11:49:53,325 - INFO - 创建按钮框架
2025-04-21 11:49:53,327 - ERROR - PDFOrganizerApp 初始化失败: unknown option "-font"
2025-04-21 11:53:53,768 - INFO - 初始化主窗口
2025-04-21 11:53:53,823 - INFO - 创建主框架
2025-04-21 11:53:53,824 - INFO - 创建按钮框架
2025-04-21 11:53:53,842 - INFO - 创建并添加 '选择 PDF 文件' 按钮
2025-04-21 11:53:53,852 - INFO - 创建并添加 '命名和排序设置' 按钮
2025-04-21 11:53:53,853 - INFO - 创建并添加输出文本框
2025-04-21 11:53:53,856 - INFO - 创建并添加进度标签
2025-04-21 11:53:53,870 - INFO - 居中主窗口
2025-04-21 11:53:53,870 - INFO - 启动队列检查
2025-04-21 11:54:06,565 - INFO - 已选择 10 个 PDF 文件
2025-04-21 11:54:06,565 - INFO - 选择文件: _基于学科竞赛的广告设计课程“协同创新”教学实践.pdf
2025-04-21 11:54:06,565 - INFO - 选择文件: _技术、观念、语言――艺术设计专业的摄影教学探索.pdf
2025-04-21 11:54:06,565 - INFO - 选择文件: _设计专业摄影课程的“协同创新”教学实践.pdf
2025-04-21 11:54:06,565 - INFO - 选择文件: _艺术设计专业主题式摄影教学模式初探（有作品）.pdf
2025-04-21 11:54:06,565 - INFO - 选择文件: 高校美育品牌构建与运作模式思考.pdf
2025-04-21 11:54:06,565 - INFO - 选择文件: 将外拍灯装在机顶.pdf
2025-04-21 11:54:06,566 - INFO - 选择文件: 明日风尚王荔.pdf
2025-04-21 11:54:06,566 - INFO - 选择文件: 权威期刊指南.pdf
2025-04-21 11:54:06,566 - INFO - 选择文件: 中国摄影.pdf
2025-04-21 11:54:06,566 - INFO - 选择文件: 中国艺术王荔.pdf
2025-04-21 11:55:23,372 - INFO - 已取消手动排序
2025-04-21 11:56:09,722 - INFO - 打开设置窗口
2025-04-21 12:04:17,822 - INFO - 初始化主窗口
2025-04-21 12:04:17,822 - INFO - 系统 DPI: 192.09453471196454, 缩放比例: 2.000984736582964
2025-04-21 12:04:17,855 - INFO - 创建主框架
2025-04-21 12:04:17,857 - INFO - 创建按钮框架
2025-04-21 12:04:17,889 - INFO - 创建并添加 '选择 PDF 文件' 按钮
2025-04-21 12:04:17,912 - INFO - 创建并添加 '命名和排序设置' 按钮
2025-04-21 12:04:17,913 - INFO - 创建并添加输出文本框
2025-04-21 12:04:17,921 - INFO - 创建并添加进度标签
2025-04-21 12:04:17,935 - INFO - 居中主窗口
2025-04-21 12:04:17,935 - INFO - 启动队列检查
2025-04-21 12:04:31,799 - INFO - 已选择 10 个 PDF 文件
2025-04-21 12:04:31,799 - INFO - 选择文件: _基于学科竞赛的广告设计课程“协同创新”教学实践.pdf
2025-04-21 12:04:31,799 - INFO - 选择文件: _技术、观念、语言――艺术设计专业的摄影教学探索.pdf
2025-04-21 12:04:31,800 - INFO - 选择文件: _设计专业摄影课程的“协同创新”教学实践.pdf
2025-04-21 12:04:31,800 - INFO - 选择文件: _艺术设计专业主题式摄影教学模式初探（有作品）.pdf
2025-04-21 12:04:31,800 - INFO - 选择文件: 高校美育品牌构建与运作模式思考.pdf
2025-04-21 12:04:31,800 - INFO - 选择文件: 将外拍灯装在机顶.pdf
2025-04-21 12:04:31,800 - INFO - 选择文件: 明日风尚王荔.pdf
2025-04-21 12:04:31,800 - INFO - 选择文件: 权威期刊指南.pdf
2025-04-21 12:04:31,801 - INFO - 选择文件: 中国摄影.pdf
2025-04-21 12:04:31,801 - INFO - 选择文件: 中国艺术王荔.pdf
2025-04-21 12:04:35,852 - ERROR - load_preview 失败: height and width must be > 0
2025-04-21 12:04:37,501 - ERROR - load_preview 失败: height and width must be > 0
2025-04-21 12:04:39,436 - ERROR - load_preview 失败: height and width must be > 0
2025-04-21 12:04:40,704 - ERROR - load_preview 失败: height and width must be > 0
2025-04-21 12:04:59,655 - INFO - 已取消手动排序
2025-04-21 12:09:48,062 - INFO - 初始化主窗口
2025-04-21 12:09:48,062 - INFO - 系统 DPI: 192.09453471196454, 缩放比例: 2.000984736582964
2025-04-21 12:09:48,062 - INFO - 计算出的字体大小: 14
2025-04-21 12:09:48,088 - INFO - 创建主框架
2025-04-21 12:09:48,089 - INFO - 创建按钮框架
2025-04-21 12:09:48,113 - INFO - 创建并添加 '选择 PDF 文件' 按钮
2025-04-21 12:09:48,129 - INFO - 创建并添加 '命名和排序设置' 按钮
2025-04-21 12:09:48,130 - INFO - 创建并添加输出文本框
2025-04-21 12:09:48,136 - INFO - 创建并添加进度标签
2025-04-21 12:09:48,151 - INFO - 居中主窗口
2025-04-21 12:09:48,151 - INFO - 启动队列检查
2025-04-21 12:09:54,305 - INFO - 打开设置窗口
2025-04-21 12:10:11,443 - INFO - 初始化主窗口
2025-04-21 12:10:11,443 - INFO - 系统 DPI: 192.09453471196454, 缩放比例: 2.000984736582964
2025-04-21 12:10:11,444 - INFO - 计算出的字体大小: 14
2025-04-21 12:10:11,499 - INFO - 创建主框架
2025-04-21 12:10:11,500 - INFO - 创建按钮框架
2025-04-21 12:10:11,509 - INFO - 创建并添加 '选择 PDF 文件' 按钮
2025-04-21 12:10:11,510 - INFO - 创建并添加 '命名和排序设置' 按钮
2025-04-21 12:10:11,511 - INFO - 创建并添加输出文本框
2025-04-21 12:10:11,511 - INFO - 创建并添加进度标签
2025-04-21 12:10:11,524 - INFO - 居中主窗口
2025-04-21 12:10:11,524 - INFO - 启动队列检查
2025-04-21 12:10:13,137 - INFO - 打开设置窗口
2025-04-21 12:10:19,170 - INFO - 初始化主窗口
2025-04-21 12:10:19,171 - INFO - 系统 DPI: 192.09453471196454, 缩放比例: 2.000984736582964
2025-04-21 12:10:19,171 - INFO - 计算出的字体大小: 14
2025-04-21 12:10:19,231 - INFO - 创建主框架
2025-04-21 12:10:19,232 - INFO - 创建按钮框架
2025-04-21 12:10:19,241 - INFO - 创建并添加 '选择 PDF 文件' 按钮
2025-04-21 12:10:19,243 - INFO - 创建并添加 '命名和排序设置' 按钮
2025-04-21 12:10:19,244 - INFO - 创建并添加输出文本框
2025-04-21 12:10:19,244 - INFO - 创建并添加进度标签
2025-04-21 12:10:19,257 - INFO - 居中主窗口
2025-04-21 12:10:19,257 - INFO - 启动队列检查
2025-04-21 12:10:22,971 - INFO - 已选择 10 个 PDF 文件
2025-04-21 12:10:22,971 - INFO - 选择文件: _基于学科竞赛的广告设计课程“协同创新”教学实践.pdf
2025-04-21 12:10:22,971 - INFO - 选择文件: _技术、观念、语言――艺术设计专业的摄影教学探索.pdf
2025-04-21 12:10:22,971 - INFO - 选择文件: _设计专业摄影课程的“协同创新”教学实践.pdf
2025-04-21 12:10:22,972 - INFO - 选择文件: _艺术设计专业主题式摄影教学模式初探（有作品）.pdf
2025-04-21 12:10:22,972 - INFO - 选择文件: 高校美育品牌构建与运作模式思考.pdf
2025-04-21 12:10:22,972 - INFO - 选择文件: 将外拍灯装在机顶.pdf
2025-04-21 12:10:22,972 - INFO - 选择文件: 明日风尚王荔.pdf
2025-04-21 12:10:22,972 - INFO - 选择文件: 权威期刊指南.pdf
2025-04-21 12:10:22,972 - INFO - 选择文件: 中国摄影.pdf
2025-04-21 12:10:22,972 - INFO - 选择文件: 中国艺术王荔.pdf
2025-04-21 12:10:25,797 - ERROR - load_preview 失败: 'SortRenameDialog' object has no attribute 'update_preview'
2025-04-21 12:10:26,924 - ERROR - load_preview 失败: 'SortRenameDialog' object has no attribute 'update_preview'
2025-04-21 12:10:27,439 - ERROR - load_preview 失败: 'SortRenameDialog' object has no attribute 'update_preview'
2025-04-21 12:10:28,541 - ERROR - load_preview 失败: 'SortRenameDialog' object has no attribute 'update_preview'
2025-04-21 12:10:29,021 - ERROR - load_preview 失败: 'SortRenameDialog' object has no attribute 'update_preview'
2025-04-21 12:10:29,622 - ERROR - load_preview 失败: 'SortRenameDialog' object has no attribute 'update_preview'
2025-04-21 12:10:30,873 - ERROR - load_preview 失败: 'SortRenameDialog' object has no attribute 'update_preview'
2025-04-21 12:10:31,395 - ERROR - load_preview 失败: 'SortRenameDialog' object has no attribute 'update_preview'
2025-04-21 12:10:32,705 - ERROR - load_preview 失败: 'SortRenameDialog' object has no attribute 'update_preview'
2025-04-21 12:10:35,487 - ERROR - load_preview 失败: 'SortRenameDialog' object has no attribute 'update_preview'
2025-04-21 12:10:35,848 - ERROR - load_preview 失败: 'SortRenameDialog' object has no attribute 'update_preview'
2025-04-21 12:10:38,411 - INFO - 已取消手动排序
2025-04-21 12:17:12,420 - INFO - 初始化主窗口
2025-04-21 12:17:12,421 - INFO - 系统 DPI: 192.09453471196454, 缩放比例: 2.000984736582964
2025-04-21 12:17:12,421 - INFO - 计算出的字体大小: 14
2025-04-21 12:17:12,483 - INFO - 创建主框架
2025-04-21 12:17:12,484 - INFO - 创建按钮框架
2025-04-21 12:17:12,496 - INFO - 创建并添加 '选择 PDF 文件' 按钮
2025-04-21 12:17:12,496 - INFO - 创建并添加 '命名和排序设置' 按钮
2025-04-21 12:17:12,497 - INFO - 创建并添加输出文本框
2025-04-21 12:17:12,498 - INFO - 创建并添加进度标签
2025-04-21 12:17:12,512 - INFO - 居中主窗口
2025-04-21 12:17:12,513 - INFO - 启动队列检查
2025-04-21 12:17:20,309 - INFO - 打开设置窗口
2025-04-21 12:17:30,060 - INFO - 打开设置窗口
2025-04-21 12:17:35,252 - INFO - 已选择 10 个 PDF 文件
2025-04-21 12:17:35,252 - INFO - 选择文件: _基于学科竞赛的广告设计课程“协同创新”教学实践.pdf
2025-04-21 12:17:35,252 - INFO - 选择文件: _技术、观念、语言――艺术设计专业的摄影教学探索.pdf
2025-04-21 12:17:35,252 - INFO - 选择文件: _设计专业摄影课程的“协同创新”教学实践.pdf
2025-04-21 12:17:35,253 - INFO - 选择文件: _艺术设计专业主题式摄影教学模式初探（有作品）.pdf
2025-04-21 12:17:35,253 - INFO - 选择文件: 高校美育品牌构建与运作模式思考.pdf
2025-04-21 12:17:35,253 - INFO - 选择文件: 将外拍灯装在机顶.pdf
2025-04-21 12:17:35,253 - INFO - 选择文件: 明日风尚王荔.pdf
2025-04-21 12:17:35,253 - INFO - 选择文件: 权威期刊指南.pdf
2025-04-21 12:17:35,253 - INFO - 选择文件: 中国摄影.pdf
2025-04-21 12:17:35,253 - INFO - 选择文件: 中国艺术王荔.pdf
2025-04-21 12:17:48,329 - INFO - 已复制: 中国艺术王荔.pdf -> 1.中国艺术王荔
2025-04-21 12:17:48,329 - INFO - 正在转换: 中国艺术王荔.pdf
2025-04-21 12:17:50,332 - INFO - 已生成: 1.jpg
2025-04-21 12:17:50,358 - INFO - 已生成: 2.jpg
2025-04-21 12:17:50,388 - INFO - 已生成: 3.jpg
2025-04-21 12:17:50,418 - INFO - 已生成: 4.jpg
2025-04-21 12:17:50,447 - INFO - 已生成: 5.jpg
2025-04-21 12:17:50,474 - INFO - 已生成: 6.jpg
2025-04-21 12:17:50,504 - INFO - 已生成: 7.jpg
2025-04-21 12:17:50,530 - INFO - 已生成: 8.jpg
2025-04-21 12:17:50,537 - INFO - 已删除目标文件夹中的 PDF: 中国艺术王荔.pdf
2025-04-21 12:17:50,543 - INFO - 已复制: _基于学科竞赛的广告设计课程“协同创新”教学实践.pdf -> 2._基于学科竞赛的广告设计课程“协同创新”教学实践
2025-04-21 12:17:50,543 - INFO - 正在转换: _基于学科竞赛的广告设计课程“协同创新”教学实践.pdf
2025-04-21 12:17:52,507 - INFO - 已生成: 1.jpg
2025-04-21 12:17:52,532 - INFO - 已生成: 2.jpg
2025-04-21 12:17:52,561 - INFO - 已生成: 3.jpg
2025-04-21 12:17:52,592 - INFO - 已生成: 4.jpg
2025-04-21 12:17:52,596 - INFO - 已删除目标文件夹中的 PDF: _基于学科竞赛的广告设计课程“协同创新”教学实践.pdf
2025-04-21 12:17:52,599 - INFO - 已复制: _设计专业摄影课程的“协同创新”教学实践.pdf -> 3._设计专业摄影课程的“协同创新”教学实践
2025-04-21 12:17:52,599 - INFO - 正在转换: _设计专业摄影课程的“协同创新”教学实践.pdf
2025-04-21 12:17:54,510 - INFO - 已生成: 1.jpg
2025-04-21 12:17:54,537 - INFO - 已生成: 2.jpg
2025-04-21 12:17:54,564 - INFO - 已生成: 3.jpg
2025-04-21 12:17:54,594 - INFO - 已生成: 4.jpg
2025-04-21 12:17:54,622 - INFO - 已生成: 5.jpg
2025-04-21 12:17:54,627 - INFO - 已删除目标文件夹中的 PDF: _设计专业摄影课程的“协同创新”教学实践.pdf
2025-04-21 12:17:54,629 - INFO - 已复制: _艺术设计专业主题式摄影教学模式初探（有作品）.pdf -> 4._艺术设计专业主题式摄影教学模式初探（有作品）
2025-04-21 12:17:54,629 - INFO - 正在转换: _艺术设计专业主题式摄影教学模式初探（有作品）.pdf
2025-04-21 12:17:55,786 - INFO - 已生成: 1.jpg
2025-04-21 12:17:55,815 - INFO - 已生成: 2.jpg
2025-04-21 12:17:55,845 - INFO - 已生成: 3.jpg
2025-04-21 12:17:55,875 - INFO - 已生成: 4.jpg
2025-04-21 12:17:55,878 - INFO - 已删除目标文件夹中的 PDF: _艺术设计专业主题式摄影教学模式初探（有作品）.pdf
2025-04-21 12:17:55,895 - INFO - 已复制: 高校美育品牌构建与运作模式思考.pdf -> 5.高校美育品牌构建与运作模式思考
2025-04-21 12:17:55,895 - INFO - 正在转换: 高校美育品牌构建与运作模式思考.pdf
2025-04-21 12:17:57,066 - INFO - 已生成: 1.jpg
2025-04-21 12:17:57,095 - INFO - 已生成: 2.jpg
2025-04-21 12:17:57,124 - INFO - 已生成: 3.jpg
2025-04-21 12:17:57,153 - INFO - 已生成: 4.jpg
2025-04-21 12:17:57,181 - INFO - 已生成: 5.jpg
2025-04-21 12:17:57,186 - INFO - 已删除目标文件夹中的 PDF: 高校美育品牌构建与运作模式思考.pdf
2025-04-21 12:17:57,206 - INFO - 已复制: 将外拍灯装在机顶.pdf -> 6.将外拍灯装在机顶
2025-04-21 12:17:57,206 - INFO - 正在转换: 将外拍灯装在机顶.pdf
2025-04-21 12:17:58,542 - INFO - 已生成: 1.jpg
2025-04-21 12:17:58,569 - INFO - 已生成: 2.jpg
2025-04-21 12:17:58,597 - INFO - 已生成: 3.jpg
2025-04-21 12:17:58,628 - INFO - 已生成: 4.jpg
2025-04-21 12:17:58,659 - INFO - 已生成: 5.jpg
2025-04-21 12:17:58,667 - INFO - 已删除目标文件夹中的 PDF: 将外拍灯装在机顶.pdf
2025-04-21 12:17:58,671 - INFO - 已复制: 明日风尚王荔.pdf -> 7.明日风尚王荔
2025-04-21 12:17:58,671 - INFO - 正在转换: 明日风尚王荔.pdf
2025-04-21 12:18:01,286 - INFO - 已生成: 1.jpg
2025-04-21 12:18:01,315 - INFO - 已生成: 2.jpg
2025-04-21 12:18:01,343 - INFO - 已生成: 3.jpg
2025-04-21 12:18:01,371 - INFO - 已生成: 4.jpg
2025-04-21 12:18:01,400 - INFO - 已生成: 5.jpg
2025-04-21 12:18:01,429 - INFO - 已生成: 6.jpg
2025-04-21 12:18:01,458 - INFO - 已生成: 7.jpg
2025-04-21 12:18:01,464 - INFO - 已删除目标文件夹中的 PDF: 明日风尚王荔.pdf
2025-04-21 12:18:01,468 - INFO - 已复制: _技术、观念、语言――艺术设计专业的摄影教学探索.pdf -> 8._技术、观念、语言――艺术设计专业的摄影教学探索
2025-04-21 12:18:01,468 - INFO - 正在转换: _技术、观念、语言――艺术设计专业的摄影教学探索.pdf
2025-04-21 12:18:02,902 - INFO - 已生成: 1.jpg
2025-04-21 12:18:02,929 - INFO - 已生成: 2.jpg
2025-04-21 12:18:02,961 - INFO - 已生成: 3.jpg
2025-04-21 12:18:02,992 - INFO - 已生成: 4.jpg
2025-04-21 12:18:03,019 - INFO - 已生成: 5.jpg
2025-04-21 12:18:03,024 - INFO - 已删除目标文件夹中的 PDF: _技术、观念、语言――艺术设计专业的摄影教学探索.pdf
2025-04-21 12:18:03,026 - INFO - 已复制: 权威期刊指南.pdf -> 9.权威期刊指南
2025-04-21 12:18:03,026 - INFO - 正在转换: 权威期刊指南.pdf
2025-04-21 12:18:03,760 - INFO - 已生成: 1.jpg
2025-04-21 12:18:03,787 - INFO - 已生成: 2.jpg
2025-04-21 12:18:03,789 - INFO - 已删除目标文件夹中的 PDF: 权威期刊指南.pdf
2025-04-21 12:18:03,793 - INFO - 已复制: 中国摄影.pdf -> 10.中国摄影
2025-04-21 12:18:03,794 - INFO - 正在转换: 中国摄影.pdf
2025-04-21 12:18:07,528 - INFO - 已生成: 1.jpg
2025-04-21 12:18:07,555 - INFO - 已生成: 2.jpg
2025-04-21 12:18:07,584 - INFO - 已生成: 3.jpg
2025-04-21 12:18:07,613 - INFO - 已生成: 4.jpg
2025-04-21 12:18:07,618 - INFO - 已删除目标文件夹中的 PDF: 中国摄影.pdf
2025-04-21 12:18:07,619 - INFO - 处理完成！成功整理 10/10 个 PDF 文件，生成 49 张图片
2025-04-21 12:18:25,243 - INFO - 打开设置窗口
2025-04-21 12:19:10,345 - INFO - 已选择 10 个 PDF 文件
2025-04-21 12:19:10,345 - INFO - 选择文件: _基于学科竞赛的广告设计课程“协同创新”教学实践.pdf
2025-04-21 12:19:10,345 - INFO - 选择文件: _技术、观念、语言――艺术设计专业的摄影教学探索.pdf
2025-04-21 12:19:10,345 - INFO - 选择文件: _设计专业摄影课程的“协同创新”教学实践.pdf
2025-04-21 12:19:10,346 - INFO - 选择文件: _艺术设计专业主题式摄影教学模式初探（有作品）.pdf
2025-04-21 12:19:10,346 - INFO - 选择文件: 高校美育品牌构建与运作模式思考.pdf
2025-04-21 12:19:10,346 - INFO - 选择文件: 将外拍灯装在机顶.pdf
2025-04-21 12:19:10,346 - INFO - 选择文件: 明日风尚王荔.pdf
2025-04-21 12:19:10,346 - INFO - 选择文件: 权威期刊指南.pdf
2025-04-21 12:19:10,346 - INFO - 选择文件: 中国摄影.pdf
2025-04-21 12:19:10,346 - INFO - 选择文件: 中国艺术王荔.pdf
2025-04-21 12:19:10,357 - INFO - 已移动: _基于学科竞赛的广告设计课程“协同创新”教学实践.pdf -> 1._基于学科竞赛的广告设计课程“协同创新”教学实践
2025-04-21 12:19:10,357 - INFO - 正在转换: _基于学科竞赛的广告设计课程“协同创新”教学实践.pdf
2025-04-21 12:19:12,407 - INFO - 已生成: _基于学科竞赛的广告设计课程“协同创新”教学实践_1.jpg
2025-04-21 12:19:12,433 - INFO - 已生成: _基于学科竞赛的广告设计课程“协同创新”教学实践_2.jpg
2025-04-21 12:19:12,462 - INFO - 已生成: _基于学科竞赛的广告设计课程“协同创新”教学实践_3.jpg
2025-04-21 12:19:12,496 - INFO - 已生成: _基于学科竞赛的广告设计课程“协同创新”教学实践_4.jpg
2025-04-21 12:19:12,500 - INFO - 已删除目标文件夹中的 PDF: _基于学科竞赛的广告设计课程“协同创新”教学实践.pdf
2025-04-21 12:19:12,502 - INFO - 已移动: _技术、观念、语言――艺术设计专业的摄影教学探索.pdf -> 2._技术、观念、语言――艺术设计专业的摄影教学探索
2025-04-21 12:19:12,502 - INFO - 正在转换: _技术、观念、语言――艺术设计专业的摄影教学探索.pdf
2025-04-21 12:19:13,941 - INFO - 已生成: _技术、观念、语言――艺术设计专业的摄影教学探索_1.jpg
2025-04-21 12:19:13,969 - INFO - 已生成: _技术、观念、语言――艺术设计专业的摄影教学探索_2.jpg
2025-04-21 12:19:14,002 - INFO - 已生成: _技术、观念、语言――艺术设计专业的摄影教学探索_3.jpg
2025-04-21 12:19:14,034 - INFO - 已生成: _技术、观念、语言――艺术设计专业的摄影教学探索_4.jpg
2025-04-21 12:19:14,062 - INFO - 已生成: _技术、观念、语言――艺术设计专业的摄影教学探索_5.jpg
2025-04-21 12:19:14,066 - INFO - 已删除目标文件夹中的 PDF: _技术、观念、语言――艺术设计专业的摄影教学探索.pdf
2025-04-21 12:19:14,068 - INFO - 已移动: _艺术设计专业主题式摄影教学模式初探（有作品）.pdf -> 3._艺术设计专业主题式摄影教学模式初探（有作品）
2025-04-21 12:19:14,068 - INFO - 正在转换: _艺术设计专业主题式摄影教学模式初探（有作品）.pdf
2025-04-21 12:19:15,328 - INFO - 已生成: _艺术设计专业主题式摄影教学模式初探（有作品）_1.jpg
2025-04-21 12:19:15,357 - INFO - 已生成: _艺术设计专业主题式摄影教学模式初探（有作品）_2.jpg
2025-04-21 12:19:15,387 - INFO - 已生成: _艺术设计专业主题式摄影教学模式初探（有作品）_3.jpg
2025-04-21 12:19:15,418 - INFO - 已生成: _艺术设计专业主题式摄影教学模式初探（有作品）_4.jpg
2025-04-21 12:19:15,422 - INFO - 已删除目标文件夹中的 PDF: _艺术设计专业主题式摄影教学模式初探（有作品）.pdf
2025-04-21 12:19:15,433 - INFO - 已移动: _设计专业摄影课程的“协同创新”教学实践.pdf -> 4._设计专业摄影课程的“协同创新”教学实践
2025-04-21 12:19:15,433 - INFO - 正在转换: _设计专业摄影课程的“协同创新”教学实践.pdf
2025-04-21 12:19:17,326 - INFO - 已生成: _设计专业摄影课程的“协同创新”教学实践_1.jpg
2025-04-21 12:19:17,356 - INFO - 已生成: _设计专业摄影课程的“协同创新”教学实践_2.jpg
2025-04-21 12:19:17,385 - INFO - 已生成: _设计专业摄影课程的“协同创新”教学实践_3.jpg
2025-04-21 12:19:17,417 - INFO - 已生成: _设计专业摄影课程的“协同创新”教学实践_4.jpg
2025-04-21 12:19:17,445 - INFO - 已生成: _设计专业摄影课程的“协同创新”教学实践_5.jpg
2025-04-21 12:19:17,450 - INFO - 已删除目标文件夹中的 PDF: _设计专业摄影课程的“协同创新”教学实践.pdf
2025-04-21 12:19:17,450 - INFO - 已移动: 中国摄影.pdf -> 5.中国摄影
2025-04-21 12:19:17,451 - INFO - 正在转换: 中国摄影.pdf
2025-04-21 12:19:21,290 - INFO - 已生成: 中国摄影_1.jpg
2025-04-21 12:19:21,317 - INFO - 已生成: 中国摄影_2.jpg
2025-04-21 12:19:21,348 - INFO - 已生成: 中国摄影_3.jpg
2025-04-21 12:19:21,378 - INFO - 已生成: 中国摄影_4.jpg
2025-04-21 12:19:21,382 - INFO - 已删除目标文件夹中的 PDF: 中国摄影.pdf
2025-04-21 12:19:21,400 - INFO - 已移动: 中国艺术王荔.pdf -> 6.中国艺术王荔
2025-04-21 12:19:21,400 - INFO - 正在转换: 中国艺术王荔.pdf
2025-04-21 12:19:23,394 - INFO - 已生成: 中国艺术王荔_1.jpg
2025-04-21 12:19:23,421 - INFO - 已生成: 中国艺术王荔_2.jpg
2025-04-21 12:19:23,450 - INFO - 已生成: 中国艺术王荔_3.jpg
2025-04-21 12:19:23,483 - INFO - 已生成: 中国艺术王荔_4.jpg
2025-04-21 12:19:23,516 - INFO - 已生成: 中国艺术王荔_5.jpg
2025-04-21 12:19:23,542 - INFO - 已生成: 中国艺术王荔_6.jpg
2025-04-21 12:19:23,570 - INFO - 已生成: 中国艺术王荔_7.jpg
2025-04-21 12:19:23,598 - INFO - 已生成: 中国艺术王荔_8.jpg
2025-04-21 12:19:23,604 - INFO - 已删除目标文件夹中的 PDF: 中国艺术王荔.pdf
2025-04-21 12:19:23,606 - INFO - 已移动: 将外拍灯装在机顶.pdf -> 7.将外拍灯装在机顶
2025-04-21 12:19:23,606 - INFO - 正在转换: 将外拍灯装在机顶.pdf
2025-04-21 12:19:25,030 - INFO - 已生成: 将外拍灯装在机顶_1.jpg
2025-04-21 12:19:25,058 - INFO - 已生成: 将外拍灯装在机顶_2.jpg
2025-04-21 12:19:25,087 - INFO - 已生成: 将外拍灯装在机顶_3.jpg
2025-04-21 12:19:25,116 - INFO - 已生成: 将外拍灯装在机顶_4.jpg
2025-04-21 12:19:25,147 - INFO - 已生成: 将外拍灯装在机顶_5.jpg
2025-04-21 12:19:25,151 - INFO - 已删除目标文件夹中的 PDF: 将外拍灯装在机顶.pdf
2025-04-21 12:19:25,153 - INFO - 已移动: 明日风尚王荔.pdf -> 8.明日风尚王荔
2025-04-21 12:19:25,153 - INFO - 正在转换: 明日风尚王荔.pdf
2025-04-21 12:19:27,764 - INFO - 已生成: 明日风尚王荔_1.jpg
2025-04-21 12:19:27,793 - INFO - 已生成: 明日风尚王荔_2.jpg
2025-04-21 12:19:27,820 - INFO - 已生成: 明日风尚王荔_3.jpg
2025-04-21 12:19:27,849 - INFO - 已生成: 明日风尚王荔_4.jpg
2025-04-21 12:19:27,878 - INFO - 已生成: 明日风尚王荔_5.jpg
2025-04-21 12:19:27,908 - INFO - 已生成: 明日风尚王荔_6.jpg
2025-04-21 12:19:27,936 - INFO - 已生成: 明日风尚王荔_7.jpg
2025-04-21 12:19:27,943 - INFO - 已删除目标文件夹中的 PDF: 明日风尚王荔.pdf
2025-04-21 12:19:27,958 - INFO - 已移动: 权威期刊指南.pdf -> 9.权威期刊指南
2025-04-21 12:19:27,958 - INFO - 正在转换: 权威期刊指南.pdf
2025-04-21 12:19:28,678 - INFO - 已生成: 权威期刊指南_1.jpg
2025-04-21 12:19:28,705 - INFO - 已生成: 权威期刊指南_2.jpg
2025-04-21 12:19:28,707 - INFO - 已删除目标文件夹中的 PDF: 权威期刊指南.pdf
2025-04-21 12:19:28,708 - INFO - 已移动: 高校美育品牌构建与运作模式思考.pdf -> 10.高校美育品牌构建与运作模式思考
2025-04-21 12:19:28,709 - INFO - 正在转换: 高校美育品牌构建与运作模式思考.pdf
2025-04-21 12:19:29,868 - INFO - 已生成: 高校美育品牌构建与运作模式思考_1.jpg
2025-04-21 12:19:29,898 - INFO - 已生成: 高校美育品牌构建与运作模式思考_2.jpg
2025-04-21 12:19:29,928 - INFO - 已生成: 高校美育品牌构建与运作模式思考_3.jpg
2025-04-21 12:19:29,958 - INFO - 已生成: 高校美育品牌构建与运作模式思考_4.jpg
2025-04-21 12:19:29,987 - INFO - 已生成: 高校美育品牌构建与运作模式思考_5.jpg
2025-04-21 12:19:29,991 - INFO - 已删除目标文件夹中的 PDF: 高校美育品牌构建与运作模式思考.pdf
2025-04-21 12:19:30,007 - INFO - 处理完成！成功整理 10/10 个 PDF 文件，生成 49 张图片
