2025-04-21 16:47:54,685 - INFO - 初始化主窗口
2025-04-21 16:47:54,686 - INFO - 系统 DPI: 192.09453471196454, 缩放比例: 2.000984736582964
2025-04-21 16:47:54,686 - INFO - 计算出的字体大小: 14
2025-04-21 16:47:54,720 - WARNING - 未能加载 pdf.ico，可能文件不存在或路径错误
2025-04-21 16:47:54,721 - INFO - 尝试Poppler路径: D:\manualPDF\dist\PDFOrganizer\poppler
2025-04-21 16:47:54,721 - WARNING - assets目录不存在: D:\manualPDF\dist\PDFOrganizer\assets
2025-04-21 16:47:54,721 - WARNING - poppler目录不存在: D:\manualPDF\dist\PDFOrganizer\assets\poppler
2025-04-21 16:47:54,721 - WARNING - 未找到Poppler的bin目录: D:\manualPDF\dist\PDFOrganizer\poppler，将尝试使用系统PATH
2025-04-21 16:47:54,724 - INFO - 找到系统PATH中的Poppler
2025-04-21 16:47:54,725 - INFO - 创建主框架
2025-04-21 16:47:54,726 - INFO - 创建按钮框架
2025-04-21 16:47:54,739 - INFO - 创建并添加 '选择 PDF 文件' 按钮
2025-04-21 16:47:54,740 - INFO - 创建并添加 '命名和排序设置' 按钮
2025-04-21 16:47:54,740 - INFO - 创建并添加输出文本框
2025-04-21 16:47:54,741 - INFO - 创建并添加进度标签
2025-04-21 16:47:54,782 - INFO - 居中主窗口
2025-04-21 16:47:54,797 - INFO - 启动队列检查
2025-04-21 16:48:22,830 - INFO - 已选择 10 个 PDF 文件
2025-04-21 16:48:22,830 - INFO - 选择文件: _基于学科竞赛的广告设计课程“协同创新”教学实践.pdf
2025-04-21 16:48:22,830 - INFO - 选择文件: _技术、观念、语言――艺术设计专业的摄影教学探索.pdf
2025-04-21 16:48:22,830 - INFO - 选择文件: _设计专业摄影课程的“协同创新”教学实践.pdf
2025-04-21 16:48:22,830 - INFO - 选择文件: _艺术设计专业主题式摄影教学模式初探（有作品）.pdf
2025-04-21 16:48:22,830 - INFO - 选择文件: 高校美育品牌构建与运作模式思考.pdf
2025-04-21 16:48:22,830 - INFO - 选择文件: 将外拍灯装在机顶.pdf
2025-04-21 16:48:22,830 - INFO - 选择文件: 明日风尚王荔.pdf
2025-04-21 16:48:22,830 - INFO - 选择文件: 权威期刊指南.pdf
2025-04-21 16:48:22,830 - INFO - 选择文件: 中国摄影.pdf
2025-04-21 16:48:22,830 - INFO - 选择文件: 中国艺术王荔.pdf
2025-04-21 16:48:43,640 - INFO - 已取消手动排序
2025-04-21 16:48:48,330 - INFO - 已选择 5 个 PDF 文件
2025-04-21 16:48:48,330 - INFO - 选择文件: _艺术设计专业主题式摄影教学模式初探（有作品）.pdf
2025-04-21 16:48:48,330 - INFO - 选择文件: 高校美育品牌构建与运作模式思考.pdf
2025-04-21 16:48:48,330 - INFO - 选择文件: 将外拍灯装在机顶.pdf
2025-04-21 16:48:48,330 - INFO - 选择文件: 明日风尚王荔.pdf
2025-04-21 16:48:48,330 - INFO - 选择文件: 权威期刊指南.pdf
2025-04-21 16:48:51,511 - INFO - 已取消手动排序
2025-04-21 16:48:53,254 - INFO - 打开设置窗口
2025-04-21 16:48:55,000 - ERROR - update_preview 失败: invalid command name ".!toplevel.!panedwindow.!frame2.!canvas"
2025-04-21 16:48:55,558 - INFO - 打开设置窗口
2025-04-21 16:49:01,414 - INFO - 打开设置窗口
2025-04-21 16:49:11,642 - INFO - 已选择 10 个 PDF 文件
2025-04-21 16:49:11,642 - INFO - 选择文件: _基于学科竞赛的广告设计课程“协同创新”教学实践.pdf
2025-04-21 16:49:11,642 - INFO - 选择文件: _技术、观念、语言――艺术设计专业的摄影教学探索.pdf
2025-04-21 16:49:11,642 - INFO - 选择文件: _设计专业摄影课程的“协同创新”教学实践.pdf
2025-04-21 16:49:11,642 - INFO - 选择文件: _艺术设计专业主题式摄影教学模式初探（有作品）.pdf
2025-04-21 16:49:11,642 - INFO - 选择文件: 高校美育品牌构建与运作模式思考.pdf
2025-04-21 16:49:11,642 - INFO - 选择文件: 将外拍灯装在机顶.pdf
2025-04-21 16:49:11,642 - INFO - 选择文件: 明日风尚王荔.pdf
2025-04-21 16:49:11,642 - INFO - 选择文件: 权威期刊指南.pdf
2025-04-21 16:49:11,642 - INFO - 选择文件: 中国摄影.pdf
2025-04-21 16:49:11,642 - INFO - 选择文件: 中国艺术王荔.pdf
2025-04-21 16:49:19,184 - INFO - 已取消手动排序
2025-04-21 16:49:27,828 - INFO - 初始化主窗口
2025-04-21 16:49:27,828 - INFO - 系统 DPI: 192.09453471196454, 缩放比例: 2.000984736582964
2025-04-21 16:49:27,828 - INFO - 计算出的字体大小: 14
2025-04-21 16:49:27,844 - WARNING - 未能加载 pdf.ico，可能文件不存在或路径错误
2025-04-21 16:49:27,844 - INFO - 尝试Poppler路径: D:\manualPDF\dist\PDFOrganizer\poppler
2025-04-21 16:49:27,844 - WARNING - assets目录不存在: D:\manualPDF\dist\PDFOrganizer\assets
2025-04-21 16:49:27,844 - WARNING - poppler目录不存在: D:\manualPDF\dist\PDFOrganizer\assets\poppler
2025-04-21 16:49:27,844 - WARNING - 未找到Poppler的bin目录: D:\manualPDF\dist\PDFOrganizer\poppler，将尝试使用系统PATH
2025-04-21 16:49:27,848 - INFO - 找到系统PATH中的Poppler
2025-04-21 16:49:27,848 - INFO - 创建主框架
2025-04-21 16:49:27,848 - INFO - 创建按钮框架
2025-04-21 16:49:27,857 - INFO - 创建并添加 '选择 PDF 文件' 按钮
2025-04-21 16:49:27,857 - INFO - 创建并添加 '命名和排序设置' 按钮
2025-04-21 16:49:27,858 - INFO - 创建并添加输出文本框
2025-04-21 16:49:27,858 - INFO - 创建并添加进度标签
2025-04-21 16:49:27,899 - INFO - 居中主窗口
2025-04-21 16:49:27,905 - INFO - 启动队列检查
